0 info it worked if it ends with ok
1 verbose cli [ 'node', '/usr/local/bin/npm', 'install', '-g', 'requirejs' ]
2 info using npm@2.6.1
3 info using node@v0.12.0
4 silly cache add args [ 'requirejs', null ]
5 verbose cache add spec requirejs
6 silly cache add parsed spec { raw: 'requirejs',
6 silly cache add   scope: null,
6 silly cache add   name: 'requirejs',
6 silly cache add   rawSpec: '',
6 silly cache add   spec: '*',
6 silly cache add   type: 'range' }
7 verbose addNamed requirejs@*
8 silly addNamed semver.valid null
9 silly addNamed semver.validRange *
10 silly addNameRange { name: 'requirejs', range: '*', hasData: false }
11 silly mapToRegistry name requirejs
12 silly mapToRegistry using default registry
13 silly mapToRegistry registry https://registry.npmjs.org/
14 silly mapToRegistry uri https://registry.npmjs.org/requirejs
15 verbose addNameRange registry:https://registry.npmjs.org/requirejs not in flight; fetching
16 verbose request uri https://registry.npmjs.org/requirejs
17 verbose request no auth needed
18 info attempt registry request try #1 at 23:56:14
19 verbose request id c28625e4ea144e28
20 http request GET https://registry.npmjs.org/requirejs
21 http 200 https://registry.npmjs.org/requirejs
22 silly get cb [ 200,
22 silly get   { server: 'CouchDB/1.5.0 (Erlang OTP/R16B03)',
22 silly get     etag: '"A2DH0SAOSR5HPS8WN77QCV8XN"',
22 silly get     'content-type': 'application/json',
22 silly get     'cache-control': 'max-age=60',
22 silly get     'content-length': '41572',
22 silly get     'accept-ranges': 'bytes',
22 silly get     date: 'Sat, 19 Sep 2015 15:50:42 GMT',
22 silly get     via: '1.1 varnish',
22 silly get     age: '0',
22 silly get     connection: 'keep-alive',
22 silly get     'x-served-by': 'cache-itm7426-ITM',
22 silly get     'x-cache': 'HIT',
22 silly get     'x-cache-hits': '1',
22 silly get     'x-timer': 'S1442677842.011687,VS0,VE199',
22 silly get     vary: 'Accept' } ]
23 verbose get saving requirejs to /Users/mac/.npm/registry.npmjs.org/requirejs/.cache.json
24 silly addNameRange number 2 { name: 'requirejs', range: '*', hasData: true }
25 silly addNameRange versions [ 'requirejs',
25 silly addNameRange   [ '0.26.0',
25 silly addNameRange     '0.27.0',
25 silly addNameRange     '0.27.1',
25 silly addNameRange     '1.0.0',
25 silly addNameRange     '1.0.1',
25 silly addNameRange     '1.0.2',
25 silly addNameRange     '1.0.3',
25 silly addNameRange     '1.0.4',
25 silly addNameRange     '1.0.5',
25 silly addNameRange     '1.0.6',
25 silly addNameRange     '1.0.7',
25 silly addNameRange     '1.0.8',
25 silly addNameRange     '2.0.0',
25 silly addNameRange     '2.0.1',
25 silly addNameRange     '2.0.2',
25 silly addNameRange     '2.0.3',
25 silly addNameRange     '2.0.4',
25 silly addNameRange     '2.0.5',
25 silly addNameRange     '2.0.6',
25 silly addNameRange     '2.1.0',
25 silly addNameRange     '2.1.1',
25 silly addNameRange     '2.1.2',
25 silly addNameRange     '2.1.3',
25 silly addNameRange     '2.1.4',
25 silly addNameRange     '2.1.5',
25 silly addNameRange     '2.1.6',
25 silly addNameRange     '2.1.7',
25 silly addNameRange     '2.1.8',
25 silly addNameRange     '2.1.9',
25 silly addNameRange     '2.1.10',
25 silly addNameRange     '2.1.11',
25 silly addNameRange     '2.1.12',
25 silly addNameRange     '2.1.13',
25 silly addNameRange     '2.1.14',
25 silly addNameRange     '2.1.15',
25 silly addNameRange     '2.1.16',
25 silly addNameRange     '2.1.17',
25 silly addNameRange     '2.1.18',
25 silly addNameRange     '2.1.19',
25 silly addNameRange     '2.1.20' ] ]
26 verbose addNamed requirejs@2.1.20
27 silly addNamed semver.valid 2.1.20
28 silly addNamed semver.validRange 2.1.20
29 silly mapToRegistry name requirejs
30 silly mapToRegistry using default registry
31 silly mapToRegistry registry https://registry.npmjs.org/
32 silly mapToRegistry uri https://registry.npmjs.org/requirejs
33 verbose addRemoteTarball https://registry.npmjs.org/requirejs/-/requirejs-2.1.20.tgz not in flight; adding
34 verbose addRemoteTarball [ 'https://registry.npmjs.org/requirejs/-/requirejs-2.1.20.tgz',
34 verbose addRemoteTarball   '114822c917ec8793450b2daaa1eb9bbf1101e931' ]
35 info retry fetch attempt 1 at 23:56:15
36 info attempt registry request try #1 at 23:56:15
37 http fetch GET https://registry.npmjs.org/requirejs/-/requirejs-2.1.20.tgz
38 http fetch 200 https://registry.npmjs.org/requirejs/-/requirejs-2.1.20.tgz
39 silly fetchAndShaCheck shasum 114822c917ec8793450b2daaa1eb9bbf1101e931
40 verbose addTmpTarball /var/folders/fz/mt_grgkx7rnbwnqz441fg6v00000gn/T/npm-2215-0322b824/registry.npmjs.org/requirejs/-/requirejs-2.1.20.tgz not in flight; adding
41 verbose addTmpTarball already have metadata; skipping unpack for requirejs@2.1.20
42 silly cache afterAdd requirejs@2.1.20
43 verbose afterAdd /Users/mac/.npm/requirejs/2.1.20/package/package.json not in flight; writing
44 verbose afterAdd /Users/mac/.npm/requirejs/2.1.20/package/package.json written
45 silly install resolved [ { name: 'requirejs',
45 silly install resolved     description: 'Node adapter for RequireJS, for loading AMD modules. Includes RequireJS optimizer',
45 silly install resolved     version: '2.1.20',
45 silly install resolved     homepage: 'http://github.com/jrburke/r.js',
45 silly install resolved     author:
45 silly install resolved      { name: 'James Burke',
45 silly install resolved        email: 'jrburke@gmail.com',
45 silly install resolved        url: 'http://github.com/jrburke' },
45 silly install resolved     licenses: [ [Object], [Object] ],
45 silly install resolved     repository: { type: 'git', url: 'git+https://github.com/jrburke/r.js.git' },
45 silly install resolved     main: './bin/r.js',
45 silly install resolved     bin: { 'r.js': './bin/r.js' },
45 silly install resolved     engines: { node: '>=0.4.0' },
45 silly install resolved     bugs: { url: 'https://github.com/jrburke/r.js/issues' },
45 silly install resolved     _id: 'requirejs@2.1.20',
45 silly install resolved     scripts: {},
45 silly install resolved     _shasum: '114822c917ec8793450b2daaa1eb9bbf1101e931',
45 silly install resolved     _from: 'requirejs@*',
45 silly install resolved     _npmVersion: '2.12.1',
45 silly install resolved     _nodeVersion: '0.10.36',
45 silly install resolved     _npmUser: { name: 'jrburke', email: 'jrburke@gmail.com' },
45 silly install resolved     maintainers: [ [Object] ],
45 silly install resolved     dist:
45 silly install resolved      { shasum: '114822c917ec8793450b2daaa1eb9bbf1101e931',
45 silly install resolved        tarball: 'http://registry.npmjs.org/requirejs/-/requirejs-2.1.20.tgz' },
45 silly install resolved     directories: {},
45 silly install resolved     _resolved: 'https://registry.npmjs.org/requirejs/-/requirejs-2.1.20.tgz' } ]
46 info install requirejs@2.1.20 into /usr/local/lib
47 info installOne requirejs@2.1.20
48 verbose installOne of requirejs to /usr/local/lib not in flight; installing
49 warn locking Error: EACCES, open '/Users/mac/.npm/_locks/requirejs-ce2a5f017f571c77.lock'
49 warn locking     at Error (native)
49 warn locking  /Users/mac/.npm/_locks/requirejs-ce2a5f017f571c77.lock failed { [Error: EACCES, open '/Users/mac/.npm/_locks/requirejs-ce2a5f017f571c77.lock']
49 warn locking   errno: -13,
49 warn locking   code: 'EACCES',
49 warn locking   path: '/Users/mac/.npm/_locks/requirejs-ce2a5f017f571c77.lock' }
50 verbose stack Error: Attempt to unlock /usr/local/lib/node_modules/requirejs, which hasn't been locked
50 verbose stack     at unlock (/usr/local/lib/node_modules/npm/lib/utils/locker.js:66:11)
50 verbose stack     at cb (/usr/local/lib/node_modules/npm/lib/install.js:935:5)
50 verbose stack     at /usr/local/lib/node_modules/npm/lib/install.js:939:20
50 verbose stack     at /usr/local/lib/node_modules/npm/lib/utils/locker.js:40:9
50 verbose stack     at cb (/usr/local/lib/node_modules/npm/node_modules/lockfile/lockfile.js:149:38)
50 verbose stack     at /usr/local/lib/node_modules/npm/node_modules/lockfile/lockfile.js:177:38
50 verbose stack     at FSReqWrap.oncomplete (fs.js:99:15)
51 verbose cwd /Library/WebServer/Documents/home.streward.admin
52 error Darwin 14.5.0
53 error argv "node" "/usr/local/bin/npm" "install" "-g" "requirejs"
54 error node v0.12.0
55 error npm  v2.6.1
56 error Attempt to unlock /usr/local/lib/node_modules/requirejs, which hasn't been locked
57 error If you need help, you may report this error at:
57 error     <http://github.com/npm/npm/issues>
58 verbose exit [ 1, true ]
